# JRE version: OpenJDK Runtime Environment (17.0.9) (build 17.0.9+0--11185874)
# Java VM: OpenJDK 64-Bit Server VM (17.0.9+0--11185874, mixed mode, tiered, compressed oops, compressed class ptrs, g1 gc, windows-amd64)
GC Precious Log:
 CPUs: 16 total, 16 available
 Memory: 5966M
 Large Page Support: Disabled
 NUMA Support: Disabled
 Compressed Oops: Enabled (32-bit)
 Heap Region Size: 1M
 Heap Min Capacity: 8M
 Heap Initial Capacity: 94M
 Heap Max Capacity: 2G
 Pre-touch: Disabled
 Parallel Workers: 13
 Concurrent Workers: 3
 Concurrent Refinement Workers: 13
 Periodic GC: Disabled
Heap:
 garbage-first heap   total 89088K, used 40945K [0x0000000080000000, 0x0000000100000000)
  region size 1024K, 14 young (14336K), 5 survivors (5120K)
 Metaspace       used 52712K, committed 53184K, reserved 1114112K
  class space    used 7210K, committed 7424K, reserved 1048576K
GC Heap History (20 events):
Event: 0.661 GC heap before
{Heap before GC invocations=0 (full 0):
 garbage-first heap   total 96256K, used 27648K [0x0000000080000000, 0x0000000100000000)
  region size 1024K, 23 young (23552K), 0 survivors (0K)
 Metaspace       used 10494K, committed 10624K, reserved 1114112K
  class space    used 1087K, committed 1152K, reserved 1048576K
}
Event: 0.669 GC heap after
{Heap after GC invocations=1 (full 0):
 garbage-first heap   total 96256K, used 10968K [0x0000000080000000, 0x0000000100000000)
  region size 1024K, 3 young (3072K), 3 survivors (3072K)
 Metaspace       used 10494K, committed 10624K, reserved 1114112K
  class space    used 1087K, committed 1152K, reserved 1048576K
}
Event: 1.032 GC heap before
{Heap before GC invocations=1 (full 0):
 garbage-first heap   total 96256K, used 39640K [0x0000000080000000, 0x0000000100000000)
  region size 1024K, 31 young (31744K), 3 survivors (3072K)
 Metaspace       used 11531K, committed 11712K, reserved 1114112K
  class space    used 1198K, committed 1280K, reserved 1048576K
}
Event: 1.038 GC heap after
{Heap after GC invocations=2 (full 0):
 garbage-first heap   total 96256K, used 11725K [0x0000000080000000, 0x0000000100000000)
  region size 1024K, 1 young (1024K), 1 survivors (1024K)
 Metaspace       used 11531K, committed 11712K, reserved 1114112K
  class space    used 1198K, committed 1280K, reserved 1048576K
}
Event: 2.625 GC heap before
{Heap before GC invocations=2 (full 0):
 garbage-first heap   total 96256K, used 57805K [0x0000000080000000, 0x0000000100000000)
  region size 1024K, 46 young (47104K), 1 survivors (1024K)
 Metaspace       used 21289K, committed 21504K, reserved 1114112K
  class space    used 2515K, committed 2624K, reserved 1048576K
}
Event: 2.642 GC heap after
{Heap after GC invocations=3 (full 0):
 garbage-first heap   total 96256K, used 19310K [0x0000000080000000, 0x0000000100000000)
  region size 1024K, 7 young (7168K), 7 survivors (7168K)
 Metaspace       used 21289K, committed 21504K, reserved 1114112K
  class space    used 2515K, committed 2624K, reserved 1048576K
}
Event: 3.475 GC heap before
{Heap before GC invocations=4 (full 0):
 garbage-first heap   total 68608K, used 52078K [0x0000000080000000, 0x0000000100000000)
  region size 1024K, 40 young (40960K), 7 survivors (7168K)
 Metaspace       used 26635K, committed 26880K, reserved 1114112K
  class space    used 3418K, committed 3520K, reserved 1048576K
}
Event: 3.482 GC heap after
{Heap after GC invocations=5 (full 0):
 garbage-first heap   total 68608K, used 21258K [0x0000000080000000, 0x0000000100000000)
  region size 1024K, 3 young (3072K), 3 survivors (3072K)
 Metaspace       used 26635K, committed 26880K, reserved 1114112K
  class space    used 3418K, committed 3520K, reserved 1048576K
}
Event: 3.494 GC heap before
{Heap before GC invocations=5 (full 0):
 garbage-first heap   total 68608K, used 22282K [0x0000000080000000, 0x0000000100000000)
  region size 1024K, 4 young (4096K), 3 survivors (3072K)
 Metaspace       used 26736K, committed 27008K, reserved 1114112K
  class space    used 3440K, committed 3584K, reserved 1048576K
}
Event: 3.496 GC heap after
{Heap after GC invocations=6 (full 0):
 garbage-first heap   total 68608K, used 21113K [0x0000000080000000, 0x0000000100000000)
  region size 1024K, 1 young (1024K), 1 survivors (1024K)
 Metaspace       used 26736K, committed 27008K, reserved 1114112K
  class space    used 3440K, committed 3584K, reserved 1048576K
}
Event: 3.960 GC heap before
{Heap before GC invocations=6 (full 0):
 garbage-first heap   total 68608K, used 47737K [0x0000000080000000, 0x0000000100000000)
  region size 1024K, 27 young (27648K), 1 survivors (1024K)
 Metaspace       used 30419K, committed 30720K, reserved 1114112K
  class space    used 4034K, committed 4160K, reserved 1048576K
}
Event: 3.962 GC heap after
{Heap after GC invocations=7 (full 0):
 garbage-first heap   total 103424K, used 22581K [0x0000000080000000, 0x0000000100000000)
  region size 1024K, 2 young (2048K), 2 survivors (2048K)
 Metaspace       used 30419K, committed 30720K, reserved 1114112K
  class space    used 4034K, committed 4160K, reserved 1048576K
}
Event: 4.579 GC heap before
{Heap before GC invocations=7 (full 0):
 garbage-first heap   total 103424K, used 62517K [0x0000000080000000, 0x0000000100000000)
  region size 1024K, 42 young (43008K), 2 survivors (2048K)
 Metaspace       used 35746K, committed 36096K, reserved 1114112K
  class space    used 4850K, committed 5056K, reserved 1048576K
}
Event: 4.583 GC heap after
{Heap after GC invocations=8 (full 0):
 garbage-first heap   total 103424K, used 23906K [0x0000000080000000, 0x0000000100000000)
  region size 1024K, 4 young (4096K), 4 survivors (4096K)
 Metaspace       used 35746K, committed 36096K, reserved 1114112K
  class space    used 4850K, committed 5056K, reserved 1048576K
}
Event: 5.152 GC heap before
{Heap before GC invocations=9 (full 0):
 garbage-first heap   total 89088K, used 72034K [0x0000000080000000, 0x0000000100000000)
  region size 1024K, 52 young (53248K), 4 survivors (4096K)
 Metaspace       used 42106K, committed 42496K, reserved 1114112K
  class space    used 5581K, committed 5760K, reserved 1048576K
}
Event: 5.159 GC heap after
{Heap after GC invocations=10 (full 0):
 garbage-first heap   total 89088K, used 28380K [0x0000000080000000, 0x0000000100000000)
  region size 1024K, 7 young (7168K), 7 survivors (7168K)
 Metaspace       used 42106K, committed 42496K, reserved 1114112K
  class space    used 5581K, committed 5760K, reserved 1048576K
}
Event: 5.747 GC heap before
{Heap before GC invocations=10 (full 0):
 garbage-first heap   total 89088K, used 68316K [0x0000000080000000, 0x0000000100000000)
  region size 1024K, 45 young (46080K), 7 survivors (7168K)
 Metaspace       used 46583K, committed 46976K, reserved 1114112K
  class space    used 6229K, committed 6400K, reserved 1048576K
}
Event: 5.755 GC heap after
{Heap after GC invocations=11 (full 0):
 garbage-first heap   total 89088K, used 31278K [0x0000000080000000, 0x0000000100000000)
  region size 1024K, 3 young (3072K), 3 survivors (3072K)
 Metaspace       used 46583K, committed 46976K, reserved 1114112K
  class space    used 6229K, committed 6400K, reserved 1048576K
}
Event: 6.691 GC heap before
{Heap before GC invocations=11 (full 0):
 garbage-first heap   total 89088K, used 69166K [0x0000000080000000, 0x0000000100000000)
  region size 1024K, 40 young (40960K), 3 survivors (3072K)
 Metaspace       used 51603K, committed 52032K, reserved 1114112K
  class space    used 7013K, committed 7232K, reserved 1048576K
}
Event: 6.694 GC heap after
{Heap after GC invocations=12 (full 0):
 garbage-first heap   total 89088K, used 32753K [0x0000000080000000, 0x0000000100000000)
  region size 1024K, 5 young (5120K), 5 survivors (5120K)
 Metaspace       used 51603K, committed 52032K, reserved 1114112K
  class space    used 7013K, committed 7232K, reserved 1048576K
}

