# JRE version: OpenJDK Runtime Environment (17.0.9) (build 17.0.9+0--11185874)
# Java VM: OpenJDK 64-Bit Server VM (17.0.9+0--11185874, mixed mode, tiered, compressed oops, compressed class ptrs, g1 gc, windows-amd64)
GC Precious Log:
 CPUs: 16 total, 16 available
 Memory: 14158M
 Large Page Support: Disabled
 NUMA Support: Disabled
 Compressed Oops: Enabled (32-bit)
 Heap Region Size: 1M
 Heap Min Capacity: 8M
 Heap Initial Capacity: 222M
 Heap Max Capacity: 2G
 Pre-touch: Disabled
 Parallel Workers: 13
 Concurrent Workers: 3
 Concurrent Refinement Workers: 13
 Periodic GC: Disabled
Heap:
 garbage-first heap   total 73728K, used 48308K [0x0000000080000000, 0x0000000100000000)
  region size 1024K, 5 young (5120K), 3 survivors (3072K)
 Metaspace       used 56174K, committed 56704K, reserved 1114112K
  class space    used 7677K, committed 7936K, reserved 1048576K
GC Heap History (20 events):
Event: 3.521 GC heap before
{Heap before GC invocations=7 (full 0):
 garbage-first heap   total 71680K, used 30925K [0x0000000080000000, 0x0000000100000000)
  region size 1024K, 12 young (12288K), 3 survivors (3072K)
 Metaspace       used 35674K, committed 35968K, reserved 1114112K
  class space    used 4843K, committed 4992K, reserved 1048576K
}
Event: 3.523 GC heap after
{Heap after GC invocations=8 (full 0):
 garbage-first heap   total 71680K, used 24281K [0x0000000080000000, 0x0000000100000000)
  region size 1024K, 2 young (2048K), 2 survivors (2048K)
 Metaspace       used 35674K, committed 35968K, reserved 1114112K
  class space    used 4843K, committed 4992K, reserved 1048576K
}
Event: 3.919 GC heap before
{Heap before GC invocations=9 (full 0):
 garbage-first heap   total 71680K, used 53977K [0x0000000080000000, 0x0000000100000000)
  region size 1024K, 32 young (32768K), 2 survivors (2048K)
 Metaspace       used 41165K, committed 41536K, reserved 1114112K
  class space    used 5419K, committed 5568K, reserved 1048576K
}
Event: 3.923 GC heap after
{Heap after GC invocations=10 (full 0):
 garbage-first heap   total 71680K, used 28016K [0x0000000080000000, 0x0000000100000000)
  region size 1024K, 4 young (4096K), 4 survivors (4096K)
 Metaspace       used 41165K, committed 41536K, reserved 1114112K
  class space    used 5419K, committed 5568K, reserved 1048576K
}
Event: 4.140 GC heap before
{Heap before GC invocations=10 (full 0):
 garbage-first heap   total 71680K, used 53616K [0x0000000080000000, 0x0000000100000000)
  region size 1024K, 30 young (30720K), 4 survivors (4096K)
 Metaspace       used 42158K, committed 42560K, reserved 1114112K
  class space    used 5588K, committed 5760K, reserved 1048576K
}
Event: 4.143 GC heap after
{Heap after GC invocations=11 (full 0):
 garbage-first heap   total 71680K, used 30093K [0x0000000080000000, 0x0000000100000000)
  region size 1024K, 2 young (2048K), 2 survivors (2048K)
 Metaspace       used 42158K, committed 42560K, reserved 1114112K
  class space    used 5588K, committed 5760K, reserved 1048576K
}
Event: 4.558 GC heap before
{Heap before GC invocations=11 (full 0):
 garbage-first heap   total 71680K, used 56717K [0x0000000080000000, 0x0000000100000000)
  region size 1024K, 27 young (27648K), 2 survivors (2048K)
 Metaspace       used 45932K, committed 46336K, reserved 1114112K
  class space    used 6122K, committed 6272K, reserved 1048576K
}
Event: 4.559 GC heap after
{Heap after GC invocations=12 (full 0):
 garbage-first heap   total 71680K, used 31796K [0x0000000080000000, 0x0000000100000000)
  region size 1024K, 4 young (4096K), 4 survivors (4096K)
 Metaspace       used 45932K, committed 46336K, reserved 1114112K
  class space    used 6122K, committed 6272K, reserved 1048576K
}
Event: 4.835 GC heap before
{Heap before GC invocations=12 (full 0):
 garbage-first heap   total 71680K, used 56372K [0x0000000080000000, 0x0000000100000000)
  region size 1024K, 28 young (28672K), 4 survivors (4096K)
 Metaspace       used 49025K, committed 49472K, reserved 1114112K
  class space    used 6597K, committed 6848K, reserved 1048576K
}
Event: 4.837 GC heap after
{Heap after GC invocations=13 (full 0):
 garbage-first heap   total 71680K, used 32674K [0x0000000080000000, 0x0000000100000000)
  region size 1024K, 3 young (3072K), 3 survivors (3072K)
 Metaspace       used 49025K, committed 49472K, reserved 1114112K
  class space    used 6597K, committed 6848K, reserved 1048576K
}
Event: 5.156 GC heap before
{Heap before GC invocations=13 (full 0):
 garbage-first heap   total 71680K, used 57250K [0x0000000080000000, 0x0000000100000000)
  region size 1024K, 27 young (27648K), 3 survivors (3072K)
 Metaspace       used 52385K, committed 52864K, reserved 1114112K
  class space    used 7150K, committed 7360K, reserved 1048576K
}
Event: 5.158 GC heap after
{Heap after GC invocations=14 (full 0):
 garbage-first heap   total 71680K, used 34172K [0x0000000080000000, 0x0000000100000000)
  region size 1024K, 3 young (3072K), 3 survivors (3072K)
 Metaspace       used 52385K, committed 52864K, reserved 1114112K
  class space    used 7150K, committed 7360K, reserved 1048576K
}
Event: 5.517 GC heap before
{Heap before GC invocations=14 (full 0):
 garbage-first heap   total 71680K, used 56700K [0x0000000080000000, 0x0000000100000000)
  region size 1024K, 25 young (25600K), 3 survivors (3072K)
 Metaspace       used 55039K, committed 55552K, reserved 1114112K
  class space    used 7574K, committed 7808K, reserved 1048576K
}
Event: 5.520 GC heap after
{Heap after GC invocations=15 (full 0):
 garbage-first heap   total 71680K, used 35504K [0x0000000080000000, 0x0000000100000000)
  region size 1024K, 3 young (3072K), 3 survivors (3072K)
 Metaspace       used 55039K, committed 55552K, reserved 1114112K
  class space    used 7574K, committed 7808K, reserved 1048576K
}
Event: 5.928 GC heap before
{Heap before GC invocations=16 (full 0):
 garbage-first heap   total 71680K, used 57008K [0x0000000080000000, 0x0000000100000000)
  region size 1024K, 25 young (25600K), 3 survivors (3072K)
 Metaspace       used 55921K, committed 56512K, reserved 1114112K
  class space    used 7652K, committed 7936K, reserved 1048576K
}
Event: 5.931 GC heap after
{Heap after GC invocations=17 (full 0):
 garbage-first heap   total 71680K, used 38354K [0x0000000080000000, 0x0000000100000000)
  region size 1024K, 4 young (4096K), 4 survivors (4096K)
 Metaspace       used 55921K, committed 56512K, reserved 1114112K
  class space    used 7652K, committed 7936K, reserved 1048576K
}
Event: 6.002 GC heap before
{Heap before GC invocations=17 (full 0):
 garbage-first heap   total 71680K, used 41426K [0x0000000080000000, 0x0000000100000000)
  region size 1024K, 8 young (8192K), 4 survivors (4096K)
 Metaspace       used 56120K, committed 56704K, reserved 1114112K
  class space    used 7670K, committed 7936K, reserved 1048576K
}
Event: 6.005 GC heap after
{Heap after GC invocations=18 (full 0):
 garbage-first heap   total 71680K, used 39217K [0x0000000080000000, 0x0000000100000000)
  region size 1024K, 1 young (1024K), 1 survivors (1024K)
 Metaspace       used 56120K, committed 56704K, reserved 1114112K
  class space    used 7670K, committed 7936K, reserved 1048576K
}
Event: 6.073 GC heap before
{Heap before GC invocations=19 (full 0):
 garbage-first heap   total 73728K, used 46385K [0x0000000080000000, 0x0000000100000000)
  region size 1024K, 7 young (7168K), 1 survivors (1024K)
 Metaspace       used 56154K, committed 56704K, reserved 1114112K
  class space    used 7676K, committed 7936K, reserved 1048576K
}
Event: 6.075 GC heap after
{Heap after GC invocations=20 (full 0):
 garbage-first heap   total 73728K, used 46260K [0x0000000080000000, 0x0000000100000000)
  region size 1024K, 3 young (3072K), 3 survivors (3072K)
 Metaspace       used 56154K, committed 56704K, reserved 1114112K
  class space    used 7676K, committed 7936K, reserved 1048576K
}

