# JRE version: OpenJDK Runtime Environment (17.0.9) (build 17.0.9+0--11185874)
# Java VM: OpenJDK 64-Bit Server VM (17.0.9+0--11185874, mixed mode, tiered, compressed oops, compressed class ptrs, g1 gc, windows-amd64)
GC Precious Log:
 CPUs: 16 total, 16 available
 Memory: 5966M
 Large Page Support: Disabled
 NUMA Support: Disabled
 Compressed Oops: Enabled (32-bit)
 Heap Region Size: 1M
 Heap Min Capacity: 8M
 Heap Initial Capacity: 94M
 Heap Max Capacity: 2G
 Pre-touch: Disabled
 Parallel Workers: 13
 Concurrent Workers: 3
 Concurrent Refinement Workers: 13
 Periodic GC: Disabled
Heap:
 garbage-first heap   total 283648K, used 221589K [0x0000000080000000, 0x0000000100000000)
  region size 1024K, 64 young (65536K), 5 survivors (5120K)
 Metaspace       used 115378K, committed 116416K, reserved 1179648K
  class space    used 15548K, committed 16064K, reserved 1048576K
GC Heap History (20 events):
Event: 19.674 GC heap before
{Heap before GC invocations=40 (full 0):
 garbage-first heap   total 232448K, used 182766K [0x0000000080000000, 0x0000000100000000)
  region size 1024K, 51 young (52224K), 1 survivors (1024K)
 Metaspace       used 97729K, committed 98560K, reserved 1179648K
  class space    used 13431K, committed 13824K, reserved 1048576K
}
Event: 19.678 GC heap after
{Heap after GC invocations=41 (full 0):
 garbage-first heap   total 232448K, used 133843K [0x0000000080000000, 0x0000000100000000)
  region size 1024K, 3 young (3072K), 3 survivors (3072K)
 Metaspace       used 97729K, committed 98560K, reserved 1179648K
  class space    used 13431K, committed 13824K, reserved 1048576K
}
Event: 21.270 GC heap before
{Heap before GC invocations=41 (full 0):
 garbage-first heap   total 232448K, used 187091K [0x0000000080000000, 0x0000000100000000)
  region size 1024K, 55 young (56320K), 3 survivors (3072K)
 Metaspace       used 97732K, committed 98560K, reserved 1179648K
  class space    used 13431K, committed 13824K, reserved 1048576K
}
Event: 21.276 GC heap after
{Heap after GC invocations=42 (full 0):
 garbage-first heap   total 232448K, used 136416K [0x0000000080000000, 0x0000000100000000)
  region size 1024K, 6 young (6144K), 6 survivors (6144K)
 Metaspace       used 97732K, committed 98560K, reserved 1179648K
  class space    used 13431K, committed 13824K, reserved 1048576K
}
Event: 22.449 GC heap before
{Heap before GC invocations=42 (full 0):
 garbage-first heap   total 232448K, used 189664K [0x0000000080000000, 0x0000000100000000)
  region size 1024K, 58 young (59392K), 6 survivors (6144K)
 Metaspace       used 97732K, committed 98560K, reserved 1179648K
  class space    used 13431K, committed 13824K, reserved 1048576K
}
Event: 22.456 GC heap after
{Heap after GC invocations=43 (full 0):
 garbage-first heap   total 232448K, used 139071K [0x0000000080000000, 0x0000000100000000)
  region size 1024K, 6 young (6144K), 6 survivors (6144K)
 Metaspace       used 97732K, committed 98560K, reserved 1179648K
  class space    used 13431K, committed 13824K, reserved 1048576K
}
Event: 23.448 GC heap before
{Heap before GC invocations=43 (full 0):
 garbage-first heap   total 232448K, used 191295K [0x0000000080000000, 0x0000000100000000)
  region size 1024K, 57 young (58368K), 6 survivors (6144K)
 Metaspace       used 97732K, committed 98560K, reserved 1179648K
  class space    used 13431K, committed 13824K, reserved 1048576K
}
Event: 23.456 GC heap after
{Heap after GC invocations=44 (full 0):
 garbage-first heap   total 232448K, used 141604K [0x0000000080000000, 0x0000000100000000)
  region size 1024K, 6 young (6144K), 6 survivors (6144K)
 Metaspace       used 97732K, committed 98560K, reserved 1179648K
  class space    used 13431K, committed 13824K, reserved 1048576K
}
Event: 23.613 GC heap before
{Heap before GC invocations=44 (full 0):
 garbage-first heap   total 232448K, used 153892K [0x0000000080000000, 0x0000000100000000)
  region size 1024K, 17 young (17408K), 6 survivors (6144K)
 Metaspace       used 97765K, committed 98560K, reserved 1179648K
  class space    used 13441K, committed 13824K, reserved 1048576K
}
Event: 23.619 GC heap after
{Heap after GC invocations=45 (full 0):
 garbage-first heap   total 232448K, used 144556K [0x0000000080000000, 0x0000000100000000)
  region size 1024K, 4 young (4096K), 4 survivors (4096K)
 Metaspace       used 97765K, committed 98560K, reserved 1179648K
  class space    used 13441K, committed 13824K, reserved 1048576K
}
Event: 24.585 GC heap before
{Heap before GC invocations=46 (full 0):
 garbage-first heap   total 283648K, used 209068K [0x0000000080000000, 0x0000000100000000)
  region size 1024K, 50 young (51200K), 4 survivors (4096K)
 Metaspace       used 101362K, committed 102144K, reserved 1179648K
  class space    used 13838K, committed 14208K, reserved 1048576K
}
Event: 24.598 GC heap after
{Heap after GC invocations=47 (full 0):
 garbage-first heap   total 283648K, used 149811K [0x0000000080000000, 0x0000000100000000)
  region size 1024K, 7 young (7168K), 7 survivors (7168K)
 Metaspace       used 101362K, committed 102144K, reserved 1179648K
  class space    used 13838K, committed 14208K, reserved 1048576K
}
Event: 24.714 GC heap before
{Heap before GC invocations=47 (full 0):
 garbage-first heap   total 283648K, used 155955K [0x0000000080000000, 0x0000000100000000)
  region size 1024K, 13 young (13312K), 7 survivors (7168K)
 Metaspace       used 101868K, committed 102720K, reserved 1179648K
  class space    used 13915K, committed 14336K, reserved 1048576K
}
Event: 24.722 GC heap after
{Heap after GC invocations=48 (full 0):
 garbage-first heap   total 283648K, used 150368K [0x0000000080000000, 0x0000000100000000)
  region size 1024K, 2 young (2048K), 2 survivors (2048K)
 Metaspace       used 101868K, committed 102720K, reserved 1179648K
  class space    used 13915K, committed 14336K, reserved 1048576K
}
Event: 26.561 GC heap before
{Heap before GC invocations=48 (full 0):
 garbage-first heap   total 283648K, used 226144K [0x0000000080000000, 0x0000000100000000)
  region size 1024K, 72 young (73728K), 2 survivors (2048K)
 Metaspace       used 109606K, committed 110464K, reserved 1179648K
  class space    used 14867K, committed 15296K, reserved 1048576K
}
Event: 26.578 GC heap after
{Heap after GC invocations=49 (full 0):
 garbage-first heap   total 283648K, used 153078K [0x0000000080000000, 0x0000000100000000)
  region size 1024K, 4 young (4096K), 4 survivors (4096K)
 Metaspace       used 109606K, committed 110464K, reserved 1179648K
  class space    used 14867K, committed 15296K, reserved 1048576K
}
Event: 27.775 GC heap before
{Heap before GC invocations=49 (full 0):
 garbage-first heap   total 283648K, used 225782K [0x0000000080000000, 0x0000000100000000)
  region size 1024K, 76 young (77824K), 4 survivors (4096K)
 Metaspace       used 111724K, committed 112704K, reserved 1179648K
  class space    used 15101K, committed 15552K, reserved 1048576K
}
Event: 27.789 GC heap after
{Heap after GC invocations=50 (full 0):
 garbage-first heap   total 283648K, used 159074K [0x0000000080000000, 0x0000000100000000)
  region size 1024K, 10 young (10240K), 10 survivors (10240K)
 Metaspace       used 111724K, committed 112704K, reserved 1179648K
  class space    used 15101K, committed 15552K, reserved 1048576K
}
Event: 408.379 GC heap before
{Heap before GC invocations=50 (full 0):
 garbage-first heap   total 283648K, used 228706K [0x0000000080000000, 0x0000000100000000)
  region size 1024K, 79 young (80896K), 10 survivors (10240K)
 Metaspace       used 115077K, committed 116032K, reserved 1179648K
  class space    used 15538K, committed 16000K, reserved 1048576K
}
Event: 408.477 GC heap after
{Heap after GC invocations=51 (full 0):
 garbage-first heap   total 283648K, used 163221K [0x0000000080000000, 0x0000000100000000)
  region size 1024K, 5 young (5120K), 5 survivors (5120K)
 Metaspace       used 115077K, committed 116032K, reserved 1179648K
  class space    used 15538K, committed 16000K, reserved 1048576K
}

