# JRE version: OpenJDK Runtime Environment (17.0.9) (build 17.0.9+0--11185874)
# Java VM: OpenJDK 64-Bit Server VM (17.0.9+0--11185874, mixed mode, tiered, compressed oops, compressed class ptrs, g1 gc, windows-amd64)
GC Precious Log:
 CPUs: 16 total, 16 available
 Memory: 5966M
 Large Page Support: Disabled
 NUMA Support: Disabled
 Compressed Oops: Enabled (32-bit)
 Heap Region Size: 1M
 Heap Min Capacity: 8M
 Heap Initial Capacity: 94M
 Heap Max Capacity: 2G
 Pre-touch: Disabled
 Parallel Workers: 13
 Concurrent Workers: 3
 Concurrent Refinement Workers: 13
 Periodic GC: Disabled
Heap:
 garbage-first heap   total 86016K, used 66312K [0x0000000080000000, 0x0000000100000000)
  region size 1024K, 31 young (31744K), 3 survivors (3072K)
 Metaspace       used 63256K, committed 63744K, reserved 1114112K
  class space    used 8576K, committed 8832K, reserved 1048576K
GC Heap History (20 events):
Event: 3.503 GC heap before
{Heap before GC invocations=4 (full 0):
 garbage-first heap   total 71680K, used 54601K [0x0000000080000000, 0x0000000100000000)
  region size 1024K, 42 young (43008K), 7 survivors (7168K)
 Metaspace       used 26824K, committed 27072K, reserved 1114112K
  class space    used 3458K, committed 3584K, reserved 1048576K
}
Event: 3.510 GC heap after
{Heap after GC invocations=5 (full 0):
 garbage-first heap   total 71680K, used 21473K [0x0000000080000000, 0x0000000100000000)
  region size 1024K, 2 young (2048K), 2 survivors (2048K)
 Metaspace       used 26824K, committed 27072K, reserved 1114112K
  class space    used 3458K, committed 3584K, reserved 1048576K
}
Event: 4.021 GC heap before
{Heap before GC invocations=5 (full 0):
 garbage-first heap   total 71680K, used 49121K [0x0000000080000000, 0x0000000100000000)
  region size 1024K, 30 young (30720K), 2 survivors (2048K)
 Metaspace       used 30802K, committed 31104K, reserved 1114112K
  class space    used 4092K, committed 4224K, reserved 1048576K
}
Event: 4.026 GC heap after
{Heap after GC invocations=6 (full 0):
 garbage-first heap   total 71680K, used 23001K [0x0000000080000000, 0x0000000100000000)
  region size 1024K, 4 young (4096K), 4 survivors (4096K)
 Metaspace       used 30802K, committed 31104K, reserved 1114112K
  class space    used 4092K, committed 4224K, reserved 1048576K
}
Event: 4.602 GC heap before
{Heap before GC invocations=6 (full 0):
 garbage-first heap   total 71680K, used 51673K [0x0000000080000000, 0x0000000100000000)
  region size 1024K, 32 young (32768K), 4 survivors (4096K)
 Metaspace       used 34240K, committed 34560K, reserved 1114112K
  class space    used 4662K, committed 4800K, reserved 1048576K
}
Event: 4.606 GC heap after
{Heap after GC invocations=7 (full 0):
 garbage-first heap   total 71680K, used 24350K [0x0000000080000000, 0x0000000100000000)
  region size 1024K, 3 young (3072K), 3 survivors (3072K)
 Metaspace       used 34240K, committed 34560K, reserved 1114112K
  class space    used 4662K, committed 4800K, reserved 1048576K
}
Event: 4.731 GC heap before
{Heap before GC invocations=7 (full 0):
 garbage-first heap   total 71680K, used 30494K [0x0000000080000000, 0x0000000100000000)
  region size 1024K, 11 young (11264K), 3 survivors (3072K)
 Metaspace       used 35681K, committed 35968K, reserved 1114112K
  class space    used 4848K, committed 4992K, reserved 1048576K
}
Event: 4.735 GC heap after
{Heap after GC invocations=8 (full 0):
 garbage-first heap   total 71680K, used 24471K [0x0000000080000000, 0x0000000100000000)
  region size 1024K, 2 young (2048K), 2 survivors (2048K)
 Metaspace       used 35681K, committed 35968K, reserved 1114112K
  class space    used 4848K, committed 4992K, reserved 1048576K
}
Event: 5.212 GC heap before
{Heap before GC invocations=9 (full 0):
 garbage-first heap   total 71680K, used 53143K [0x0000000080000000, 0x0000000100000000)
  region size 1024K, 31 young (31744K), 2 survivors (2048K)
 Metaspace       used 41117K, committed 41472K, reserved 1114112K
  class space    used 5419K, committed 5568K, reserved 1048576K
}
Event: 5.218 GC heap after
{Heap after GC invocations=10 (full 0):
 garbage-first heap   total 71680K, used 28450K [0x0000000080000000, 0x0000000100000000)
  region size 1024K, 4 young (4096K), 4 survivors (4096K)
 Metaspace       used 41117K, committed 41472K, reserved 1114112K
  class space    used 5419K, committed 5568K, reserved 1048576K
}
Event: 5.470 GC heap before
{Heap before GC invocations=10 (full 0):
 garbage-first heap   total 71680K, used 55074K [0x0000000080000000, 0x0000000100000000)
  region size 1024K, 30 young (30720K), 4 survivors (4096K)
 Metaspace       used 42091K, committed 42496K, reserved 1114112K
  class space    used 5585K, committed 5760K, reserved 1048576K
}
Event: 5.476 GC heap after
{Heap after GC invocations=11 (full 0):
 garbage-first heap   total 86016K, used 30393K [0x0000000080000000, 0x0000000100000000)
  region size 1024K, 2 young (2048K), 2 survivors (2048K)
 Metaspace       used 42091K, committed 42496K, reserved 1114112K
  class space    used 5585K, committed 5760K, reserved 1048576K
}
Event: 6.408 GC heap before
{Heap before GC invocations=11 (full 0):
 garbage-first heap   total 86016K, used 67257K [0x0000000080000000, 0x0000000100000000)
  region size 1024K, 36 young (36864K), 2 survivors (2048K)
 Metaspace       used 46780K, committed 47168K, reserved 1114112K
  class space    used 6257K, committed 6400K, reserved 1048576K
}
Event: 6.414 GC heap after
{Heap after GC invocations=12 (full 0):
 garbage-first heap   total 86016K, used 32890K [0x0000000080000000, 0x0000000100000000)
  region size 1024K, 5 young (5120K), 5 survivors (5120K)
 Metaspace       used 46780K, committed 47168K, reserved 1114112K
  class space    used 6257K, committed 6400K, reserved 1048576K
}
Event: 7.048 GC heap before
{Heap before GC invocations=12 (full 0):
 garbage-first heap   total 86016K, used 65658K [0x0000000080000000, 0x0000000100000000)
  region size 1024K, 37 young (37888K), 5 survivors (5120K)
 Metaspace       used 51749K, committed 52160K, reserved 1114112K
  class space    used 7023K, committed 7232K, reserved 1048576K
}
Event: 7.054 GC heap after
{Heap after GC invocations=13 (full 0):
 garbage-first heap   total 86016K, used 34177K [0x0000000080000000, 0x0000000100000000)
  region size 1024K, 4 young (4096K), 4 survivors (4096K)
 Metaspace       used 51749K, committed 52160K, reserved 1114112K
  class space    used 7023K, committed 7232K, reserved 1048576K
}
Event: 7.420 GC heap before
{Heap before GC invocations=13 (full 0):
 garbage-first heap   total 86016K, used 66945K [0x0000000080000000, 0x0000000100000000)
  region size 1024K, 36 young (36864K), 4 survivors (4096K)
 Metaspace       used 57302K, committed 57792K, reserved 1114112K
  class space    used 7688K, committed 7872K, reserved 1048576K
}
Event: 7.426 GC heap after
{Heap after GC invocations=14 (full 0):
 garbage-first heap   total 86016K, used 37357K [0x0000000080000000, 0x0000000100000000)
  region size 1024K, 5 young (5120K), 5 survivors (5120K)
 Metaspace       used 57302K, committed 57792K, reserved 1114112K
  class space    used 7688K, committed 7872K, reserved 1048576K
}
Event: 7.821 GC heap before
{Heap before GC invocations=14 (full 0):
 garbage-first heap   total 86016K, used 65005K [0x0000000080000000, 0x0000000100000000)
  region size 1024K, 33 young (33792K), 5 survivors (5120K)
 Metaspace       used 59853K, committed 60288K, reserved 1114112K
  class space    used 8022K, committed 8192K, reserved 1048576K
}
Event: 7.827 GC heap after
{Heap after GC invocations=15 (full 0):
 garbage-first heap   total 86016K, used 38664K [0x0000000080000000, 0x0000000100000000)
  region size 1024K, 3 young (3072K), 3 survivors (3072K)
 Metaspace       used 59853K, committed 60288K, reserved 1114112K
  class space    used 8022K, committed 8192K, reserved 1048576K
}

