# JRE version: OpenJDK Runtime Environment (17.0.9) (build 17.0.9+0--11185874)
# Java VM: OpenJDK 64-Bit Server VM (17.0.9+0--11185874, mixed mode, tiered, compressed oops, compressed class ptrs, g1 gc, windows-amd64)
GC Precious Log:
 CPUs: 16 total, 16 available
 Memory: 5966M
 Large Page Support: Disabled
 NUMA Support: Disabled
 Compressed Oops: Enabled (32-bit)
 Heap Region Size: 1M
 Heap Min Capacity: 8M
 Heap Initial Capacity: 94M
 Heap Max Capacity: 2G
 Pre-touch: Disabled
 Parallel Workers: 13
 Concurrent Workers: 3
 Concurrent Refinement Workers: 13
 Periodic GC: Disabled
Heap:
 garbage-first heap   total 103424K, used 75890K [0x0000000080000000, 0x0000000100000000)
  region size 1024K, 24 young (24576K), 1 survivors (1024K)
 Metaspace       used 71066K, committed 71616K, reserved 1114112K
  class space    used 9592K, committed 9856K, reserved 1048576K
GC Heap History (20 events):
Event: 8.069 GC heap before
{Heap before GC invocations=13 (full 0):
 garbage-first heap   total 86016K, used 67600K [0x0000000080000000, 0x0000000100000000)
  region size 1024K, 36 young (36864K), 4 survivors (4096K)
 Metaspace       used 58592K, committed 59136K, reserved 1114112K
  class space    used 7979K, committed 8256K, reserved 1048576K
}
Event: 8.074 GC heap after
{Heap after GC invocations=14 (full 0):
 garbage-first heap   total 86016K, used 38050K [0x0000000080000000, 0x0000000100000000)
  region size 1024K, 5 young (5120K), 5 survivors (5120K)
 Metaspace       used 58592K, committed 59136K, reserved 1114112K
  class space    used 7979K, committed 8256K, reserved 1048576K
}
Event: 8.223 GC heap before
{Heap before GC invocations=14 (full 0):
 garbage-first heap   total 86016K, used 44194K [0x0000000080000000, 0x0000000100000000)
  region size 1024K, 12 young (12288K), 5 survivors (5120K)
 Metaspace       used 59811K, committed 60288K, reserved 1114112K
  class space    used 8164K, committed 8384K, reserved 1048576K
}
Event: 8.227 GC heap after
{Heap after GC invocations=15 (full 0):
 garbage-first heap   total 86016K, used 38850K [0x0000000080000000, 0x0000000100000000)
  region size 1024K, 1 young (1024K), 1 survivors (1024K)
 Metaspace       used 59811K, committed 60288K, reserved 1114112K
  class space    used 8164K, committed 8384K, reserved 1048576K
}
Event: 9.018 GC heap before
{Heap before GC invocations=16 (full 0):
 garbage-first heap   total 86016K, used 67522K [0x0000000080000000, 0x0000000100000000)
  region size 1024K, 30 young (30720K), 1 survivors (1024K)
 Metaspace       used 62520K, committed 63040K, reserved 1114112K
  class space    used 8467K, committed 8704K, reserved 1048576K
}
Event: 9.022 GC heap after
{Heap after GC invocations=17 (full 0):
 garbage-first heap   total 86016K, used 41719K [0x0000000080000000, 0x0000000100000000)
  region size 1024K, 4 young (4096K), 4 survivors (4096K)
 Metaspace       used 62520K, committed 63040K, reserved 1114112K
  class space    used 8467K, committed 8704K, reserved 1048576K
}
Event: 9.049 GC heap before
{Heap before GC invocations=17 (full 0):
 garbage-first heap   total 86016K, used 42743K [0x0000000080000000, 0x0000000100000000)
  region size 1024K, 5 young (5120K), 4 survivors (4096K)
 Metaspace       used 62539K, committed 63040K, reserved 1114112K
  class space    used 8469K, committed 8704K, reserved 1048576K
}
Event: 9.053 GC heap after
{Heap after GC invocations=18 (full 0):
 garbage-first heap   total 86016K, used 42133K [0x0000000080000000, 0x0000000100000000)
  region size 1024K, 1 young (1024K), 1 survivors (1024K)
 Metaspace       used 62539K, committed 63040K, reserved 1114112K
  class space    used 8469K, committed 8704K, reserved 1048576K
}
Event: 9.062 GC heap before
{Heap before GC invocations=18 (full 0):
 garbage-first heap   total 86016K, used 42133K [0x0000000080000000, 0x0000000100000000)
  region size 1024K, 2 young (2048K), 1 survivors (1024K)
 Metaspace       used 62602K, committed 63104K, reserved 1114112K
  class space    used 8470K, committed 8704K, reserved 1048576K
}
Event: 9.064 GC heap after
{Heap after GC invocations=19 (full 0):
 garbage-first heap   total 86016K, used 41750K [0x0000000080000000, 0x0000000100000000)
  region size 1024K, 1 young (1024K), 1 survivors (1024K)
 Metaspace       used 62602K, committed 63104K, reserved 1114112K
  class space    used 8470K, committed 8704K, reserved 1048576K
}
Event: 9.628 GC heap before
{Heap before GC invocations=20 (full 0):
 garbage-first heap   total 86016K, used 74518K [0x0000000080000000, 0x0000000100000000)
  region size 1024K, 28 young (28672K), 1 survivors (1024K)
 Metaspace       used 64068K, committed 64576K, reserved 1114112K
  class space    used 8663K, committed 8896K, reserved 1048576K
}
Event: 9.631 GC heap after
{Heap after GC invocations=21 (full 0):
 garbage-first heap   total 86016K, used 53282K [0x0000000080000000, 0x0000000100000000)
  region size 1024K, 4 young (4096K), 4 survivors (4096K)
 Metaspace       used 64068K, committed 64576K, reserved 1114112K
  class space    used 8663K, committed 8896K, reserved 1048576K
}
Event: 9.646 GC heap before
{Heap before GC invocations=21 (full 0):
 garbage-first heap   total 86016K, used 54306K [0x0000000080000000, 0x0000000100000000)
  region size 1024K, 5 young (5120K), 4 survivors (4096K)
 Metaspace       used 64133K, committed 64640K, reserved 1114112K
  class space    used 8675K, committed 8896K, reserved 1048576K
}
Event: 9.648 GC heap after
{Heap after GC invocations=22 (full 0):
 garbage-first heap   total 86016K, used 52418K [0x0000000080000000, 0x0000000100000000)
  region size 1024K, 1 young (1024K), 1 survivors (1024K)
 Metaspace       used 64133K, committed 64640K, reserved 1114112K
  class space    used 8675K, committed 8896K, reserved 1048576K
}
Event: 9.847 GC heap before
{Heap before GC invocations=22 (full 0):
 garbage-first heap   total 86016K, used 68802K [0x0000000080000000, 0x0000000100000000)
  region size 1024K, 18 young (18432K), 1 survivors (1024K)
 Metaspace       used 65530K, committed 66112K, reserved 1114112K
  class space    used 8867K, committed 9152K, reserved 1048576K
}
Event: 9.849 GC heap after
{Heap after GC invocations=23 (full 0):
 garbage-first heap   total 103424K, used 52795K [0x0000000080000000, 0x0000000100000000)
  region size 1024K, 1 young (1024K), 1 survivors (1024K)
 Metaspace       used 65530K, committed 66112K, reserved 1114112K
  class space    used 8867K, committed 9152K, reserved 1048576K
}
Event: 10.341 GC heap before
{Heap before GC invocations=24 (full 0):
 garbage-first heap   total 103424K, used 81467K [0x0000000080000000, 0x0000000100000000)
  region size 1024K, 29 young (29696K), 1 survivors (1024K)
 Metaspace       used 68283K, committed 68800K, reserved 1114112K
  class space    used 9189K, committed 9408K, reserved 1048576K
}
Event: 10.343 GC heap after
{Heap after GC invocations=25 (full 0):
 garbage-first heap   total 103424K, used 53482K [0x0000000080000000, 0x0000000100000000)
  region size 1024K, 2 young (2048K), 2 survivors (2048K)
 Metaspace       used 68283K, committed 68800K, reserved 1114112K
  class space    used 9189K, committed 9408K, reserved 1048576K
}
Event: 10.384 GC heap before
{Heap before GC invocations=25 (full 0):
 garbage-first heap   total 103424K, used 55530K [0x0000000080000000, 0x0000000100000000)
  region size 1024K, 5 young (5120K), 2 survivors (2048K)
 Metaspace       used 68838K, committed 69376K, reserved 1114112K
  class space    used 9253K, committed 9536K, reserved 1048576K
}
Event: 10.386 GC heap after
{Heap after GC invocations=26 (full 0):
 garbage-first heap   total 103424K, used 53362K [0x0000000080000000, 0x0000000100000000)
  region size 1024K, 1 young (1024K), 1 survivors (1024K)
 Metaspace       used 68838K, committed 69376K, reserved 1114112K
  class space    used 9253K, committed 9536K, reserved 1048576K
}

