# JRE version: OpenJDK Runtime Environment (17.0.9) (build 17.0.9+0--11185874)
# Java VM: OpenJDK 64-Bit Server VM (17.0.9+0--11185874, mixed mode, tiered, compressed oops, compressed class ptrs, g1 gc, windows-amd64)
GC Precious Log:
 CPUs: 16 total, 16 available
 Memory: 5966M
 Large Page Support: Disabled
 NUMA Support: Disabled
 Compressed Oops: Enabled (32-bit)
 Heap Region Size: 1M
 Heap Min Capacity: 8M
 Heap Initial Capacity: 94M
 Heap Max Capacity: 2G
 Pre-touch: Disabled
 Parallel Workers: 13
 Concurrent Workers: 3
 Concurrent Refinement Workers: 13
 Periodic GC: Disabled
Heap:
 garbage-first heap   total 256000K, used 191907K [0x0000000080000000, 0x0000000100000000)
  region size 1024K, 33 young (33792K), 6 survivors (6144K)
 Metaspace       used 112608K, committed 113600K, reserved 1179648K
  class space    used 15245K, committed 15744K, reserved 1048576K
GC Heap History (20 events):
Event: 15.193 GC heap before
{Heap before GC invocations=28 (full 0):
 garbage-first heap   total 256000K, used 221182K [0x0000000080000000, 0x0000000100000000)
  region size 1024K, 124 young (126976K), 5 survivors (5120K)
 Metaspace       used 92970K, committed 93888K, reserved 1179648K
  class space    used 12797K, committed 13248K, reserved 1048576K
}
Event: 15.212 GC heap after
{Heap after GC invocations=29 (full 0):
 garbage-first heap   total 256000K, used 118339K [0x0000000080000000, 0x0000000100000000)
  region size 1024K, 16 young (16384K), 16 survivors (16384K)
 Metaspace       used 92970K, committed 93888K, reserved 1179648K
  class space    used 12797K, committed 13248K, reserved 1048576K
}
Event: 16.532 GC heap before
{Heap before GC invocations=29 (full 0):
 garbage-first heap   total 256000K, used 204355K [0x0000000080000000, 0x0000000100000000)
  region size 1024K, 101 young (103424K), 16 survivors (16384K)
 Metaspace       used 93013K, committed 93888K, reserved 1179648K
  class space    used 12802K, committed 13248K, reserved 1048576K
}
Event: 16.555 GC heap after
{Heap after GC invocations=30 (full 0):
 garbage-first heap   total 256000K, used 126701K [0x0000000080000000, 0x0000000100000000)
  region size 1024K, 12 young (12288K), 12 survivors (12288K)
 Metaspace       used 93013K, committed 93888K, reserved 1179648K
  class space    used 12802K, committed 13248K, reserved 1048576K
}
Event: 17.942 GC heap before
{Heap before GC invocations=30 (full 0):
 garbage-first heap   total 256000K, used 204525K [0x0000000080000000, 0x0000000100000000)
  region size 1024K, 88 young (90112K), 12 survivors (12288K)
 Metaspace       used 93015K, committed 93888K, reserved 1179648K
  class space    used 12802K, committed 13248K, reserved 1048576K
}
Event: 17.953 GC heap after
{Heap after GC invocations=31 (full 0):
 garbage-first heap   total 256000K, used 130903K [0x0000000080000000, 0x0000000100000000)
  region size 1024K, 4 young (4096K), 4 survivors (4096K)
 Metaspace       used 93015K, committed 93888K, reserved 1179648K
  class space    used 12802K, committed 13248K, reserved 1048576K
}
Event: 19.536 GC heap before
{Heap before GC invocations=31 (full 0):
 garbage-first heap   total 256000K, used 208727K [0x0000000080000000, 0x0000000100000000)
  region size 1024K, 80 young (81920K), 4 survivors (4096K)
 Metaspace       used 93015K, committed 93888K, reserved 1179648K
  class space    used 12802K, committed 13248K, reserved 1048576K
}
Event: 19.543 GC heap after
{Heap after GC invocations=32 (full 0):
 garbage-first heap   total 256000K, used 134394K [0x0000000080000000, 0x0000000100000000)
  region size 1024K, 8 young (8192K), 8 survivors (8192K)
 Metaspace       used 93015K, committed 93888K, reserved 1179648K
  class space    used 12802K, committed 13248K, reserved 1048576K
}
Event: 20.857 GC heap before
{Heap before GC invocations=32 (full 0):
 garbage-first heap   total 256000K, used 229626K [0x0000000080000000, 0x0000000100000000)
  region size 1024K, 83 young (84992K), 8 survivors (8192K)
 Metaspace       used 93058K, committed 93888K, reserved 1179648K
  class space    used 12812K, committed 13248K, reserved 1048576K
}
Event: 20.871 GC heap after
{Heap after GC invocations=33 (full 0):
 garbage-first heap   total 256000K, used 151774K [0x0000000080000000, 0x0000000100000000)
  region size 1024K, 11 young (11264K), 11 survivors (11264K)
 Metaspace       used 93058K, committed 93888K, reserved 1179648K
  class space    used 12812K, committed 13248K, reserved 1048576K
}
Event: 21.831 GC heap before
{Heap before GC invocations=33 (full 0):
 garbage-first heap   total 256000K, used 215262K [0x0000000080000000, 0x0000000100000000)
  region size 1024K, 72 young (73728K), 11 survivors (11264K)
 Metaspace       used 98569K, committed 99392K, reserved 1179648K
  class space    used 13528K, committed 13952K, reserved 1048576K
}
Event: 21.850 GC heap after
{Heap after GC invocations=34 (full 0):
 garbage-first heap   total 256000K, used 147475K [0x0000000080000000, 0x0000000100000000)
  region size 1024K, 7 young (7168K), 7 survivors (7168K)
 Metaspace       used 98569K, committed 99392K, reserved 1179648K
  class space    used 13528K, committed 13952K, reserved 1048576K
}
Event: 22.945 GC heap before
{Heap before GC invocations=34 (full 0):
 garbage-first heap   total 256000K, used 215059K [0x0000000080000000, 0x0000000100000000)
  region size 1024K, 69 young (70656K), 7 survivors (7168K)
 Metaspace       used 105195K, committed 106048K, reserved 1179648K
  class space    used 14255K, committed 14656K, reserved 1048576K
}
Event: 22.955 GC heap after
{Heap after GC invocations=35 (full 0):
 garbage-first heap   total 256000K, used 151732K [0x0000000080000000, 0x0000000100000000)
  region size 1024K, 5 young (5120K), 5 survivors (5120K)
 Metaspace       used 105195K, committed 106048K, reserved 1179648K
  class space    used 14255K, committed 14656K, reserved 1048576K
}
Event: 23.551 GC heap before
{Heap before GC invocations=35 (full 0):
 garbage-first heap   total 256000K, used 213172K [0x0000000080000000, 0x0000000100000000)
  region size 1024K, 66 young (67584K), 5 survivors (5120K)
 Metaspace       used 107129K, committed 108032K, reserved 1179648K
  class space    used 14474K, committed 14912K, reserved 1048576K
}
Event: 23.561 GC heap after
{Heap after GC invocations=36 (full 0):
 garbage-first heap   total 256000K, used 156172K [0x0000000080000000, 0x0000000100000000)
  region size 1024K, 9 young (9216K), 9 survivors (9216K)
 Metaspace       used 107129K, committed 108032K, reserved 1179648K
  class space    used 14474K, committed 14912K, reserved 1048576K
}
Event: 34.568 GC heap before
{Heap before GC invocations=36 (full 0):
 garbage-first heap   total 256000K, used 215564K [0x0000000080000000, 0x0000000100000000)
  region size 1024K, 67 young (68608K), 9 survivors (9216K)
 Metaspace       used 109888K, committed 110912K, reserved 1179648K
  class space    used 14855K, committed 15360K, reserved 1048576K
}
Event: 34.584 GC heap after
{Heap after GC invocations=37 (full 0):
 garbage-first heap   total 256000K, used 160276K [0x0000000080000000, 0x0000000100000000)
  region size 1024K, 5 young (5120K), 5 survivors (5120K)
 Metaspace       used 109888K, committed 110912K, reserved 1179648K
  class space    used 14855K, committed 15360K, reserved 1048576K
}
Event: 35.651 GC heap before
{Heap before GC invocations=37 (full 0):
 garbage-first heap   total 256000K, used 216596K [0x0000000080000000, 0x0000000100000000)
  region size 1024K, 60 young (61440K), 5 survivors (5120K)
 Metaspace       used 111272K, committed 112256K, reserved 1179648K
  class space    used 15051K, committed 15552K, reserved 1048576K
}
Event: 35.663 GC heap after
{Heap after GC invocations=38 (full 0):
 garbage-first heap   total 256000K, used 165283K [0x0000000080000000, 0x0000000100000000)
  region size 1024K, 6 young (6144K), 6 survivors (6144K)
 Metaspace       used 111272K, committed 112256K, reserved 1179648K
  class space    used 15051K, committed 15552K, reserved 1048576K
}

